2015/08/19 20:07:04 [error] [exception.CDbException] exception 'CDbException' with message 'CDbConnection failed to open the DB connection: SQLSTATE[28000] [1045] Access denied for user 'root'@'localhost' (using password: NO)' in /var/www/html/yii/framework/db/CDbConnection.php:399
Stack trace:
#0 /var/www/html/yii/framework/db/CDbConnection.php(347): CDbConnection->open()
#1 /var/www/html/yii/framework/db/CDbConnection.php(325): CDbConnection->setActive(true)
#2 /var/www/html/yii/framework/base/CModule.php(394): CDbConnection->init()
#3 /var/www/html/yii/framework/base/CApplication.php(458): CModule->getComponent('db')
#4 /var/www/html/yii/framework/db/ar/CActiveRecord.php(637): CApplication->getDb()
#5 /var/www/html/yii/framework/db/ar/CActiveRecord.php(670): CActiveRecord->getDbConnection()
#6 /var/www/html/yii/framework/db/ar/CActiveRecord.php(1460): CActiveRecord->getCommandBuilder()
#7 /var/www/html/CADS/myapps/protected/components/UserIdentity.php(23): CActiveRecord->find('LOWER(username)...', Array)
#8 /var/www/html/CADS/myapps/protected/models/LoginForm.php(52): UserIdentity->authenticate()
#9 /var/www/html/yii/framework/validators/CInlineValidator.php(42): LoginForm->authenticate('password', Array)
#10 /var/www/html/yii/framework/validators/CValidator.php(201): CInlineValidator->validateAttribute(Object(LoginForm), 'password')
#11 /var/www/html/yii/framework/base/CModel.php(159): CValidator->validate(Object(LoginForm), NULL)
#12 /var/www/html/CADS/myapps/protected/controllers/SiteController.php(127): CModel->validate()
#13 /var/www/html/yii/framework/web/actions/CInlineAction.php(49): SiteController->actionLogin()
#14 /var/www/html/yii/framework/web/CController.php(308): CInlineAction->runWithParams(Array)
#15 /var/www/html/yii/framework/web/CController.php(286): CController->runAction(Object(CInlineAction))
#16 /var/www/html/yii/framework/web/CController.php(265): CController->runActionWithFilters(Object(CInlineAction), Array)
#17 /var/www/html/yii/framework/web/CWebApplication.php(282): CController->run('login')
#18 /var/www/html/yii/framework/web/CWebApplication.php(141): CWebApplication->runController('site/login')
#19 /var/www/html/yii/framework/base/CApplication.php(184): CWebApplication->processRequest()
#20 /var/www/html/CADS/myapps/index.php(13): CApplication->run()
#21 {main}
REQUEST_URI=/CADS/myapps/index.php/site/login
HTTP_REFERER=http://localhost/CADS/myapps/index.php/site/login
---
2015/08/19 20:10:35 [error] [exception.CDbException] exception 'CDbException' with message 'CDbConnection failed to open the DB connection: SQLSTATE[28000] [1045] Access denied for user 'root'@'localhost' (using password: NO)' in /var/www/html/yii/framework/db/CDbConnection.php:399
Stack trace:
#0 /var/www/html/yii/framework/db/CDbConnection.php(347): CDbConnection->open()
#1 /var/www/html/yii/framework/db/CDbConnection.php(325): CDbConnection->setActive(true)
#2 /var/www/html/yii/framework/base/CModule.php(394): CDbConnection->init()
#3 /var/www/html/yii/framework/base/CModule.php(103): CModule->getComponent('db')
#4 /var/www/html/CADS/myapps/protected/views/ratio/index.php(84): CModule->__get('db')
#5 /var/www/html/yii/framework/web/CBaseController.php(126): require('/var/www/html/C...')
#6 /var/www/html/yii/framework/web/CBaseController.php(95): CBaseController->renderInternal('/var/www/html/C...', NULL, true)
#7 /var/www/html/yii/framework/web/CController.php(869): CBaseController->renderFile('/var/www/html/C...', NULL, true)
#8 /var/www/html/yii/framework/web/CController.php(782): CController->renderPartial('index', NULL, true)
#9 /var/www/html/CADS/myapps/protected/controllers/RatioController.php(8): CController->render('index')
#10 /var/www/html/yii/framework/web/actions/CInlineAction.php(49): RatioController->actionIndex()
#11 /var/www/html/yii/framework/web/CController.php(308): CInlineAction->runWithParams(Array)
#12 /var/www/html/yii/framework/web/CController.php(286): CController->runAction(Object(CInlineAction))
#13 /var/www/html/yii/framework/web/CController.php(265): CController->runActionWithFilters(Object(CInlineAction), Array)
#14 /var/www/html/yii/framework/web/CWebApplication.php(282): CController->run('')
#15 /var/www/html/yii/framework/web/CWebApplication.php(141): CWebApplication->runController('ratio')
#16 /var/www/html/yii/framework/base/CApplication.php(184): CWebApplication->processRequest()
#17 /var/www/html/CADS/myapps/index.php(13): CApplication->run()
#18 {main}
REQUEST_URI=/CADS/myapps/index.php/ratio
HTTP_REFERER=http://localhost/CADS/myapps/
---
2015/08/20 11:20:56 [error] [exception.CHttpException.403] exception 'CHttpException' with message 'You are not authorized to perform this action.' in /var/www/html/yii/framework/web/auth/CAccessControlFilter.php:182
Stack trace:
#0 /var/www/html/yii/framework/web/auth/CAccessControlFilter.php(145): CAccessControlFilter->accessDenied(Object(EWebUser), 'You are not aut...')
#1 /var/www/html/yii/framework/web/filters/CFilter.php(38): CAccessControlFilter->preFilter(Object(CFilterChain))
#2 /var/www/html/yii/framework/web/CController.php(1145): CFilter->filter(Object(CFilterChain))
#3 /var/www/html/yii/framework/web/filters/CInlineFilter.php(58): CController->filterAccessControl(Object(CFilterChain))
#4 /var/www/html/yii/framework/web/filters/CFilterChain.php(130): CInlineFilter->filter(Object(CFilterChain))
#5 /var/www/html/yii/framework/web/CController.php(291): CFilterChain->run()
#6 /var/www/html/yii/framework/web/CController.php(265): CController->runActionWithFilters(Object(CInlineAction), Array)
#7 /var/www/html/yii/framework/web/CWebApplication.php(282): CController->run('companyIds')
#8 /var/www/html/yii/framework/web/CWebApplication.php(141): CWebApplication->runController('general/company...')
#9 /var/www/html/yii/framework/base/CApplication.php(184): CWebApplication->processRequest()
#10 /var/www/html/CADS/myapps/index.php(13): CApplication->run()
#11 {main}
REQUEST_URI=/CADS/myapps/index.php/general/companyIds
HTTP_REFERER=http://localhost/CADS/myapps/index.php/general/select_general
---
2015/08/20 16:08:17 [error] [exception.CHttpException.403] exception 'CHttpException' with message 'You are not authorized to perform this action.' in /var/www/html/yii/framework/web/auth/CAccessControlFilter.php:182
Stack trace:
#0 /var/www/html/yii/framework/web/auth/CAccessControlFilter.php(145): CAccessControlFilter->accessDenied(Object(EWebUser), 'You are not aut...')
#1 /var/www/html/yii/framework/web/filters/CFilter.php(38): CAccessControlFilter->preFilter(Object(CFilterChain))
#2 /var/www/html/yii/framework/web/CController.php(1145): CFilter->filter(Object(CFilterChain))
#3 /var/www/html/yii/framework/web/filters/CInlineFilter.php(58): CController->filterAccessControl(Object(CFilterChain))
#4 /var/www/html/yii/framework/web/filters/CFilterChain.php(130): CInlineFilter->filter(Object(CFilterChain))
#5 /var/www/html/yii/framework/web/CController.php(291): CFilterChain->run()
#6 /var/www/html/yii/framework/web/CController.php(265): CController->runActionWithFilters(Object(CInlineAction), Array)
#7 /var/www/html/yii/framework/web/CWebApplication.php(282): CController->run('companyIds')
#8 /var/www/html/yii/framework/web/CWebApplication.php(141): CWebApplication->runController('general/company...')
#9 /var/www/html/yii/framework/base/CApplication.php(184): CWebApplication->processRequest()
#10 /var/www/html/CADS/myapps/index.php(13): CApplication->run()
#11 {main}
REQUEST_URI=/CADS/myapps/index.php/general/companyIds
HTTP_REFERER=http://localhost/CADS/myapps/index.php/general/select_general
---
2015/08/20 16:08:31 [error] [exception.CHttpException.403] exception 'CHttpException' with message 'You are not authorized to perform this action.' in /var/www/html/yii/framework/web/auth/CAccessControlFilter.php:182
Stack trace:
#0 /var/www/html/yii/framework/web/auth/CAccessControlFilter.php(145): CAccessControlFilter->accessDenied(Object(EWebUser), 'You are not aut...')
#1 /var/www/html/yii/framework/web/filters/CFilter.php(38): CAccessControlFilter->preFilter(Object(CFilterChain))
#2 /var/www/html/yii/framework/web/CController.php(1145): CFilter->filter(Object(CFilterChain))
#3 /var/www/html/yii/framework/web/filters/CInlineFilter.php(58): CController->filterAccessControl(Object(CFilterChain))
#4 /var/www/html/yii/framework/web/filters/CFilterChain.php(130): CInlineFilter->filter(Object(CFilterChain))
#5 /var/www/html/yii/framework/web/CController.php(291): CFilterChain->run()
#6 /var/www/html/yii/framework/web/CController.php(265): CController->runActionWithFilters(Object(CInlineAction), Array)
#7 /var/www/html/yii/framework/web/CWebApplication.php(282): CController->run('companyIds')
#8 /var/www/html/yii/framework/web/CWebApplication.php(141): CWebApplication->runController('general/company...')
#9 /var/www/html/yii/framework/base/CApplication.php(184): CWebApplication->processRequest()
#10 /var/www/html/CADS/myapps/index.php(13): CApplication->run()
#11 {main}
REQUEST_URI=/CADS/myapps/index.php/general/companyIds
HTTP_REFERER=http://localhost/CADS/myapps/index.php/general/select_general
---
2015/08/20 16:30:29 [error] [php] Undefined index: year_report_sheet (/var/www/html/CADS/myapps/protected/controllers/GeneralController.php:595)
Stack trace:
#0 /var/www/html/yii/framework/web/filters/CFilterChain.php(133): GeneralController->runAction()
#1 /var/www/html/yii/framework/web/filters/CFilter.php(40): CFilterChain->run()
#2 /var/www/html/yii/framework/web/CController.php(1145): CAccessControlFilter->filter()
#3 /var/www/html/yii/framework/web/filters/CInlineFilter.php(58): GeneralController->filterAccessControl()
#4 /var/www/html/yii/framework/web/filters/CFilterChain.php(130): CInlineFilter->filter()
#5 /var/www/html/yii/framework/web/CController.php(291): CFilterChain->run()
#6 /var/www/html/yii/framework/web/CController.php(265): GeneralController->runActionWithFilters()
#7 /var/www/html/yii/framework/web/CWebApplication.php(282): GeneralController->run()
#8 /var/www/html/yii/framework/web/CWebApplication.php(141): CWebApplication->runController()
#9 /var/www/html/yii/framework/base/CApplication.php(184): CWebApplication->processRequest()
#10 /var/www/html/CADS/myapps/index.php(13): CWebApplication->run()
REQUEST_URI=/CADS/myapps/index.php/general/balancesheet
in /var/www/html/CADS/myapps/protected/controllers/GeneralController.php (595)
in /var/www/html/CADS/myapps/index.php (13)
2015/08/20 16:30:29 [error] [php] Undefined index: year_report_sheet (/var/www/html/CADS/myapps/protected/controllers/GeneralController.php:311)
Stack trace:
#0 /var/www/html/yii/framework/web/filters/CFilterChain.php(133): GeneralController->runAction()
#1 /var/www/html/yii/framework/web/filters/CFilter.php(40): CFilterChain->run()
#2 /var/www/html/yii/framework/web/CController.php(1145): CAccessControlFilter->filter()
#3 /var/www/html/yii/framework/web/filters/CInlineFilter.php(58): GeneralController->filterAccessControl()
#4 /var/www/html/yii/framework/web/filters/CFilterChain.php(130): CInlineFilter->filter()
#5 /var/www/html/yii/framework/web/CController.php(291): CFilterChain->run()
#6 /var/www/html/yii/framework/web/CController.php(265): GeneralController->runActionWithFilters()
#7 /var/www/html/yii/framework/web/CWebApplication.php(282): GeneralController->run()
#8 /var/www/html/yii/framework/web/CWebApplication.php(141): CWebApplication->runController()
#9 /var/www/html/yii/framework/base/CApplication.php(184): CWebApplication->processRequest()
#10 /var/www/html/CADS/myapps/index.php(13): CWebApplication->run()
REQUEST_URI=/CADS/myapps/index.php/general/incomebalancesheet
in /var/www/html/CADS/myapps/protected/controllers/GeneralController.php (311)
in /var/www/html/CADS/myapps/index.php (13)
2015/08/20 16:30:29 [error] [php] Undefined index: year_report_sheet (/var/www/html/CADS/myapps/protected/controllers/GeneralController.php:106)
Stack trace:
#0 /var/www/html/yii/framework/web/filters/CFilterChain.php(133): GeneralController->runAction()
#1 /var/www/html/yii/framework/web/filters/CFilter.php(40): CFilterChain->run()
#2 /var/www/html/yii/framework/web/CController.php(1145): CAccessControlFilter->filter()
#3 /var/www/html/yii/framework/web/filters/CInlineFilter.php(58): GeneralController->filterAccessControl()
#4 /var/www/html/yii/framework/web/filters/CFilterChain.php(130): CInlineFilter->filter()
#5 /var/www/html/yii/framework/web/CController.php(291): CFilterChain->run()
#6 /var/www/html/yii/framework/web/CController.php(265): GeneralController->runActionWithFilters()
#7 /var/www/html/yii/framework/web/CWebApplication.php(282): GeneralController->run()
#8 /var/www/html/yii/framework/web/CWebApplication.php(141): CWebApplication->runController()
#9 /var/www/html/yii/framework/base/CApplication.php(184): CWebApplication->processRequest()
#10 /var/www/html/CADS/myapps/index.php(13): CWebApplication->run()
REQUEST_URI=/CADS/myapps/index.php/general/cashflowstatement
in /var/www/html/CADS/myapps/protected/controllers/GeneralController.php (106)
in /var/www/html/CADS/myapps/index.php (13)
2015/08/20 16:30:37 [error] [exception.CHttpException.404] exception 'CHttpException' with message 'The requested page does not exist.' in /var/www/html/CADS/myapps/protected/controllers/GeneralController.php:1431
Stack trace:
#0 /var/www/html/CADS/myapps/protected/controllers/GeneralController.php(57): GeneralController->loadModel('52')
#1 [internal function]: GeneralController->actionView('52')
#2 /var/www/html/yii/framework/web/actions/CAction.php(109): ReflectionMethod->invokeArgs(Object(GeneralController), Array)
#3 /var/www/html/yii/framework/web/actions/CInlineAction.php(47): CAction->runWithParamsInternal(Object(GeneralController), Object(ReflectionMethod), Array)
#4 /var/www/html/yii/framework/web/CController.php(308): CInlineAction->runWithParams(Array)
#5 /var/www/html/yii/framework/web/filters/CFilterChain.php(133): CController->runAction(Object(CInlineAction))
#6 /var/www/html/yii/framework/web/filters/CFilter.php(40): CFilterChain->run()
#7 /var/www/html/yii/framework/web/CController.php(1145): CFilter->filter(Object(CFilterChain))
#8 /var/www/html/yii/framework/web/filters/CInlineFilter.php(58): CController->filterAccessControl(Object(CFilterChain))
#9 /var/www/html/yii/framework/web/filters/CFilterChain.php(130): CInlineFilter->filter(Object(CFilterChain))
#10 /var/www/html/yii/framework/web/CController.php(291): CFilterChain->run()
#11 /var/www/html/yii/framework/web/CController.php(265): CController->runActionWithFilters(Object(CInlineAction), Array)
#12 /var/www/html/yii/framework/web/CWebApplication.php(282): CController->run('view')
#13 /var/www/html/yii/framework/web/CWebApplication.php(141): CWebApplication->runController('general/view')
#14 /var/www/html/yii/framework/base/CApplication.php(184): CWebApplication->processRequest()
#15 /var/www/html/CADS/myapps/index.php(13): CApplication->run()
#16 {main}
REQUEST_URI=/CADS/myapps/index.php/general/52
HTTP_REFERER=http://localhost/CADS/myapps/index.php/general/select_general
---
2015/08/20 16:41:30 [error] [exception.CHttpException.403] exception 'CHttpException' with message 'You are not authorized to perform this action.' in /var/www/html/yii/framework/web/auth/CAccessControlFilter.php:182
Stack trace:
#0 /var/www/html/yii/framework/web/auth/CAccessControlFilter.php(145): CAccessControlFilter->accessDenied(Object(EWebUser), 'You are not aut...')
#1 /var/www/html/yii/framework/web/filters/CFilter.php(38): CAccessControlFilter->preFilter(Object(CFilterChain))
#2 /var/www/html/yii/framework/web/CController.php(1145): CFilter->filter(Object(CFilterChain))
#3 /var/www/html/yii/framework/web/filters/CInlineFilter.php(58): CController->filterAccessControl(Object(CFilterChain))
#4 /var/www/html/yii/framework/web/filters/CFilterChain.php(130): CInlineFilter->filter(Object(CFilterChain))
#5 /var/www/html/yii/framework/web/CController.php(291): CFilterChain->run()
#6 /var/www/html/yii/framework/web/CController.php(265): CController->runActionWithFilters(Object(CInlineAction), Array)
#7 /var/www/html/yii/framework/web/CWebApplication.php(282): CController->run('companyIds')
#8 /var/www/html/yii/framework/web/CWebApplication.php(141): CWebApplication->runController('general/company...')
#9 /var/www/html/yii/framework/base/CApplication.php(184): CWebApplication->processRequest()
#10 /var/www/html/CADS/myapps/index.php(13): CApplication->run()
#11 {main}
REQUEST_URI=/CADS/myapps/index.php/general/companyIds
HTTP_REFERER=http://localhost/CADS/myapps/index.php/general/select_general
---
2015/08/20 19:57:17 [error] [exception.CHttpException.403] exception 'CHttpException' with message 'You are not authorized to perform this action.' in /var/www/html/yii/framework/web/auth/CAccessControlFilter.php:182
Stack trace:
#0 /var/www/html/yii/framework/web/auth/CAccessControlFilter.php(145): CAccessControlFilter->accessDenied(Object(EWebUser), 'You are not aut...')
#1 /var/www/html/yii/framework/web/filters/CFilter.php(38): CAccessControlFilter->preFilter(Object(CFilterChain))
#2 /var/www/html/yii/framework/web/CController.php(1145): CFilter->filter(Object(CFilterChain))
#3 /var/www/html/yii/framework/web/filters/CInlineFilter.php(58): CController->filterAccessControl(Object(CFilterChain))
#4 /var/www/html/yii/framework/web/filters/CFilterChain.php(130): CInlineFilter->filter(Object(CFilterChain))
#5 /var/www/html/yii/framework/web/CController.php(291): CFilterChain->run()
#6 /var/www/html/yii/framework/web/CController.php(265): CController->runActionWithFilters(Object(CInlineAction), Array)
#7 /var/www/html/yii/framework/web/CWebApplication.php(282): CController->run('companyIds')
#8 /var/www/html/yii/framework/web/CWebApplication.php(141): CWebApplication->runController('general/company...')
#9 /var/www/html/yii/framework/base/CApplication.php(184): CWebApplication->processRequest()
#10 /var/www/html/CADS/myapps/index.php(13): CApplication->run()
#11 {main}
REQUEST_URI=/CADS/myapps/index.php/general/companyIds
HTTP_REFERER=http://localhost/CADS/myapps/index.php/general/select_general
---
2015/08/20 21:52:19 [error] [exception.CHttpException.403] exception 'CHttpException' with message 'You are not authorized to perform this action.' in /var/www/html/yii/framework/web/auth/CAccessControlFilter.php:182
Stack trace:
#0 /var/www/html/yii/framework/web/auth/CAccessControlFilter.php(145): CAccessControlFilter->accessDenied(Object(EWebUser), 'You are not aut...')
#1 /var/www/html/yii/framework/web/filters/CFilter.php(38): CAccessControlFilter->preFilter(Object(CFilterChain))
#2 /var/www/html/yii/framework/web/CController.php(1145): CFilter->filter(Object(CFilterChain))
#3 /var/www/html/yii/framework/web/filters/CInlineFilter.php(58): CController->filterAccessControl(Object(CFilterChain))
#4 /var/www/html/yii/framework/web/filters/CFilterChain.php(130): CInlineFilter->filter(Object(CFilterChain))
#5 /var/www/html/yii/framework/web/CController.php(291): CFilterChain->run()
#6 /var/www/html/yii/framework/web/CController.php(265): CController->runActionWithFilters(Object(CInlineAction), Array)
#7 /var/www/html/yii/framework/web/CWebApplication.php(282): CController->run('companyIds')
#8 /var/www/html/yii/framework/web/CWebApplication.php(141): CWebApplication->runController('general/company...')
#9 /var/www/html/yii/framework/base/CApplication.php(184): CWebApplication->processRequest()
#10 /var/www/html/CADS/myapps/index.php(13): CApplication->run()
#11 {main}
REQUEST_URI=/CADS/myapps/index.php/general/companyIds
HTTP_REFERER=http://localhost/CADS/myapps/index.php/general/select_general
---
2015/08/20 23:03:10 [error] [exception.CHttpException.404] exception 'CHttpException' with message 'The requested page does not exist.' in /var/www/html/CADS/myapps/protected/controllers/GeneralController.php:1431
Stack trace:
#0 /var/www/html/CADS/myapps/protected/controllers/GeneralController.php(57): GeneralController->loadModel('56')
#1 [internal function]: GeneralController->actionView('56')
#2 /var/www/html/yii/framework/web/actions/CAction.php(109): ReflectionMethod->invokeArgs(Object(GeneralController), Array)
#3 /var/www/html/yii/framework/web/actions/CInlineAction.php(47): CAction->runWithParamsInternal(Object(GeneralController), Object(ReflectionMethod), Array)
#4 /var/www/html/yii/framework/web/CController.php(308): CInlineAction->runWithParams(Array)
#5 /var/www/html/yii/framework/web/filters/CFilterChain.php(133): CController->runAction(Object(CInlineAction))
#6 /var/www/html/yii/framework/web/filters/CFilter.php(40): CFilterChain->run()
#7 /var/www/html/yii/framework/web/CController.php(1145): CFilter->filter(Object(CFilterChain))
#8 /var/www/html/yii/framework/web/filters/CInlineFilter.php(58): CController->filterAccessControl(Object(CFilterChain))
#9 /var/www/html/yii/framework/web/filters/CFilterChain.php(130): CInlineFilter->filter(Object(CFilterChain))
#10 /var/www/html/yii/framework/web/CController.php(291): CFilterChain->run()
#11 /var/www/html/yii/framework/web/CController.php(265): CController->runActionWithFilters(Object(CInlineAction), Array)
#12 /var/www/html/yii/framework/web/CWebApplication.php(282): CController->run('view')
#13 /var/www/html/yii/framework/web/CWebApplication.php(141): CWebApplication->runController('general/view')
#14 /var/www/html/yii/framework/base/CApplication.php(184): CWebApplication->processRequest()
#15 /var/www/html/CADS/myapps/index.php(13): CApplication->run()
#16 {main}
REQUEST_URI=/CADS/myapps/index.php/general/56
HTTP_REFERER=http://localhost/CADS/myapps/index.php/general/select_general
---
2015/08/21 20:18:41 [error] [exception.CHttpException.403] exception 'CHttpException' with message 'You are not authorized to perform this action.' in /var/www/html/yii/framework/web/auth/CAccessControlFilter.php:182
Stack trace:
#0 /var/www/html/yii/framework/web/auth/CAccessControlFilter.php(145): CAccessControlFilter->accessDenied(Object(EWebUser), 'You are not aut...')
#1 /var/www/html/yii/framework/web/filters/CFilter.php(38): CAccessControlFilter->preFilter(Object(CFilterChain))
#2 /var/www/html/yii/framework/web/CController.php(1145): CFilter->filter(Object(CFilterChain))
#3 /var/www/html/yii/framework/web/filters/CInlineFilter.php(58): CController->filterAccessControl(Object(CFilterChain))
#4 /var/www/html/yii/framework/web/filters/CFilterChain.php(130): CInlineFilter->filter(Object(CFilterChain))
#5 /var/www/html/yii/framework/web/CController.php(291): CFilterChain->run()
#6 /var/www/html/yii/framework/web/CController.php(265): CController->runActionWithFilters(Object(CInlineAction), Array)
#7 /var/www/html/yii/framework/web/CWebApplication.php(282): CController->run('companyIds')
#8 /var/www/html/yii/framework/web/CWebApplication.php(141): CWebApplication->runController('general/company...')
#9 /var/www/html/yii/framework/base/CApplication.php(184): CWebApplication->processRequest()
#10 /var/www/html/CADS/myapps/index.php(13): CApplication->run()
#11 {main}
REQUEST_URI=/CADS/myapps/index.php/general/companyIds
HTTP_REFERER=http://localhost/CADS/myapps/index.php/general/select_general
---
2015/08/21 21:04:10 [error] [exception.CHttpException.404] exception 'CHttpException' with message 'The requested page does not exist.' in /var/www/html/CADS/myapps/protected/controllers/GeneralController.php:1431
Stack trace:
#0 /var/www/html/CADS/myapps/protected/controllers/GeneralController.php(57): GeneralController->loadModel('58')
#1 [internal function]: GeneralController->actionView('58')
#2 /var/www/html/yii/framework/web/actions/CAction.php(109): ReflectionMethod->invokeArgs(Object(GeneralController), Array)
#3 /var/www/html/yii/framework/web/actions/CInlineAction.php(47): CAction->runWithParamsInternal(Object(GeneralController), Object(ReflectionMethod), Array)
#4 /var/www/html/yii/framework/web/CController.php(308): CInlineAction->runWithParams(Array)
#5 /var/www/html/yii/framework/web/filters/CFilterChain.php(133): CController->runAction(Object(CInlineAction))
#6 /var/www/html/yii/framework/web/filters/CFilter.php(40): CFilterChain->run()
#7 /var/www/html/yii/framework/web/CController.php(1145): CFilter->filter(Object(CFilterChain))
#8 /var/www/html/yii/framework/web/filters/CInlineFilter.php(58): CController->filterAccessControl(Object(CFilterChain))
#9 /var/www/html/yii/framework/web/filters/CFilterChain.php(130): CInlineFilter->filter(Object(CFilterChain))
#10 /var/www/html/yii/framework/web/CController.php(291): CFilterChain->run()
#11 /var/www/html/yii/framework/web/CController.php(265): CController->runActionWithFilters(Object(CInlineAction), Array)
#12 /var/www/html/yii/framework/web/CWebApplication.php(282): CController->run('view')
#13 /var/www/html/yii/framework/web/CWebApplication.php(141): CWebApplication->runController('general/view')
#14 /var/www/html/yii/framework/base/CApplication.php(184): CWebApplication->processRequest()
#15 /var/www/html/CADS/myapps/index.php(13): CApplication->run()
#16 {main}
REQUEST_URI=/CADS/myapps/index.php/general/58
HTTP_REFERER=http://localhost/CADS/myapps/index.php/general/select_general
---
2015/08/21 21:04:49 [error] [exception.CHttpException.403] exception 'CHttpException' with message 'You are not authorized to perform this action.' in /var/www/html/yii/framework/web/auth/CAccessControlFilter.php:182
Stack trace:
#0 /var/www/html/yii/framework/web/auth/CAccessControlFilter.php(145): CAccessControlFilter->accessDenied(Object(EWebUser), 'You are not aut...')
#1 /var/www/html/yii/framework/web/filters/CFilter.php(38): CAccessControlFilter->preFilter(Object(CFilterChain))
#2 /var/www/html/yii/framework/web/CController.php(1145): CFilter->filter(Object(CFilterChain))
#3 /var/www/html/yii/framework/web/filters/CInlineFilter.php(58): CController->filterAccessControl(Object(CFilterChain))
#4 /var/www/html/yii/framework/web/filters/CFilterChain.php(130): CInlineFilter->filter(Object(CFilterChain))
#5 /var/www/html/yii/framework/web/CController.php(291): CFilterChain->run()
#6 /var/www/html/yii/framework/web/CController.php(265): CController->runActionWithFilters(Object(CInlineAction), Array)
#7 /var/www/html/yii/framework/web/CWebApplication.php(282): CController->run('companyIds')
#8 /var/www/html/yii/framework/web/CWebApplication.php(141): CWebApplication->runController('general/company...')
#9 /var/www/html/yii/framework/base/CApplication.php(184): CWebApplication->processRequest()
#10 /var/www/html/CADS/myapps/index.php(13): CApplication->run()
#11 {main}
REQUEST_URI=/CADS/myapps/index.php/general/companyIds
HTTP_REFERER=http://localhost/CADS/myapps/index.php/general/select_general
---
2015/08/23 16:18:46 [error] [exception.CHttpException.403] exception 'CHttpException' with message 'You are not authorized to perform this action.' in /var/www/html/yii/framework/web/auth/CAccessControlFilter.php:182
Stack trace:
#0 /var/www/html/yii/framework/web/auth/CAccessControlFilter.php(145): CAccessControlFilter->accessDenied(Object(EWebUser), 'You are not aut...')
#1 /var/www/html/yii/framework/web/filters/CFilter.php(38): CAccessControlFilter->preFilter(Object(CFilterChain))
#2 /var/www/html/yii/framework/web/CController.php(1145): CFilter->filter(Object(CFilterChain))
#3 /var/www/html/yii/framework/web/filters/CInlineFilter.php(58): CController->filterAccessControl(Object(CFilterChain))
#4 /var/www/html/yii/framework/web/filters/CFilterChain.php(130): CInlineFilter->filter(Object(CFilterChain))
#5 /var/www/html/yii/framework/web/CController.php(291): CFilterChain->run()
#6 /var/www/html/yii/framework/web/CController.php(265): CController->runActionWithFilters(Object(CInlineAction), Array)
#7 /var/www/html/yii/framework/web/CWebApplication.php(282): CController->run('companyIds')
#8 /var/www/html/yii/framework/web/CWebApplication.php(141): CWebApplication->runController('general/company...')
#9 /var/www/html/yii/framework/base/CApplication.php(184): CWebApplication->processRequest()
#10 /var/www/html/CADS/myapps/index.php(13): CApplication->run()
#11 {main}
REQUEST_URI=/CADS/myapps/index.php/general/companyIds
HTTP_REFERER=http://localhost/CADS/myapps/index.php/general/select_general
---
2015/08/24 15:28:38 [error] [exception.CHttpException.403] exception 'CHttpException' with message 'You are not authorized to perform this action.' in /var/www/html/yii/framework/web/auth/CAccessControlFilter.php:182
Stack trace:
#0 /var/www/html/yii/framework/web/auth/CAccessControlFilter.php(145): CAccessControlFilter->accessDenied(Object(EWebUser), 'You are not aut...')
#1 /var/www/html/yii/framework/web/filters/CFilter.php(38): CAccessControlFilter->preFilter(Object(CFilterChain))
#2 /var/www/html/yii/framework/web/CController.php(1145): CFilter->filter(Object(CFilterChain))
#3 /var/www/html/yii/framework/web/filters/CInlineFilter.php(58): CController->filterAccessControl(Object(CFilterChain))
#4 /var/www/html/yii/framework/web/filters/CFilterChain.php(130): CInlineFilter->filter(Object(CFilterChain))
#5 /var/www/html/yii/framework/web/CController.php(291): CFilterChain->run()
#6 /var/www/html/yii/framework/web/CController.php(265): CController->runActionWithFilters(Object(CInlineAction), Array)
#7 /var/www/html/yii/framework/web/CWebApplication.php(282): CController->run('companyIds')
#8 /var/www/html/yii/framework/web/CWebApplication.php(141): CWebApplication->runController('general/company...')
#9 /var/www/html/yii/framework/base/CApplication.php(184): CWebApplication->processRequest()
#10 /var/www/html/CADS/myapps/index.php(17): CApplication->run()
#11 {main}
REQUEST_URI=/CADS/myapps/index.php/general/companyIds
HTTP_REFERER=http://localhost/CADS/myapps/index.php/general/select_general
---
2015/08/25 22:15:56 [error] [system.db.CDbCommand] CDbCommand::fetchAll() failed: SQLSTATE[42000]: Syntax error or access violation: 1064 You have an error in your SQL syntax; check the manual that corresponds to your MySQL server version for the right syntax to use near 'like '%share%'
                                order by I.id' at line 7. The SQL statement executed was: 
                                select I.name,IV.value,IV.year,I.category 
                                from tbl_item as I 
                                inner join tbl_item_value as IV on I.id = IV.item_id 
                                where IV.company_id = '111' 
                                and IV.year='2011' 
                                and I.category = 'EXPENSES'
                                and not like '%share%'
                                order by I.id.
in /var/www/html/CADS/myapps/protected/controllers/GeneralController.php (641)
in /var/www/html/CADS/myapps/index.php (17)
2015/08/25 22:15:56 [error] [exception.CDbException] exception 'CDbException' with message 'CDbCommand failed to execute the SQL statement: SQLSTATE[42000]: Syntax error or access violation: 1064 You have an error in your SQL syntax; check the manual that corresponds to your MySQL server version for the right syntax to use near 'like '%share%'
                                order by I.id' at line 7. The SQL statement executed was: 
                                select I.name,IV.value,IV.year,I.category 
                                from tbl_item as I 
                                inner join tbl_item_value as IV on I.id = IV.item_id 
                                where IV.company_id = '111' 
                                and IV.year='2011' 
                                and I.category = 'EXPENSES'
                                and not like '%share%'
                                order by I.id' in /var/www/html/yii/framework/db/CDbCommand.php:543
Stack trace:
#0 /var/www/html/yii/framework/db/CDbCommand.php(396): CDbCommand->queryInternal('fetchAll', Array, Array)
#1 /var/www/html/CADS/myapps/protected/controllers/GeneralController.php(641): CDbCommand->queryAll()
#2 /var/www/html/yii/framework/web/actions/CInlineAction.php(49): GeneralController->actionIncomeBalanceSheet()
#3 /var/www/html/yii/framework/web/CController.php(308): CInlineAction->runWithParams(Array)
#4 /var/www/html/yii/framework/web/filters/CFilterChain.php(133): CController->runAction(Object(CInlineAction))
#5 /var/www/html/yii/framework/web/filters/CFilter.php(40): CFilterChain->run()
#6 /var/www/html/yii/framework/web/CController.php(1145): CFilter->filter(Object(CFilterChain))
#7 /var/www/html/yii/framework/web/filters/CInlineFilter.php(58): CController->filterAccessControl(Object(CFilterChain))
#8 /var/www/html/yii/framework/web/filters/CFilterChain.php(130): CInlineFilter->filter(Object(CFilterChain))
#9 /var/www/html/yii/framework/web/CController.php(291): CFilterChain->run()
#10 /var/www/html/yii/framework/web/CController.php(265): CController->runActionWithFilters(Object(CInlineAction), Array)
#11 /var/www/html/yii/framework/web/CWebApplication.php(282): CController->run('incomebalancesh...')
#12 /var/www/html/yii/framework/web/CWebApplication.php(141): CWebApplication->runController('general/incomeb...')
#13 /var/www/html/yii/framework/base/CApplication.php(184): CWebApplication->processRequest()
#14 /var/www/html/CADS/myapps/index.php(17): CApplication->run()
#15 {main}
REQUEST_URI=/CADS/myapps/index.php/general/incomebalancesheet
HTTP_REFERER=http://localhost/CADS/myapps/index.php/general/select_general
---
2015/08/25 22:15:58 [error] [system.db.CDbCommand] CDbCommand::fetchAll() failed: SQLSTATE[42000]: Syntax error or access violation: 1064 You have an error in your SQL syntax; check the manual that corresponds to your MySQL server version for the right syntax to use near 'like '%share%'
                                order by I.id' at line 7. The SQL statement executed was: 
                                select I.name,IV.value,IV.year,I.category 
                                from tbl_item as I 
                                inner join tbl_item_value as IV on I.id = IV.item_id 
                                where IV.company_id = '111' 
                                and IV.year='2011' 
                                and I.category = 'EXPENSES'
                                and not like '%share%'
                                order by I.id.
in /var/www/html/CADS/myapps/protected/controllers/GeneralController.php (641)
in /var/www/html/CADS/myapps/index.php (17)
2015/08/25 22:15:58 [error] [exception.CDbException] exception 'CDbException' with message 'CDbCommand failed to execute the SQL statement: SQLSTATE[42000]: Syntax error or access violation: 1064 You have an error in your SQL syntax; check the manual that corresponds to your MySQL server version for the right syntax to use near 'like '%share%'
                                order by I.id' at line 7. The SQL statement executed was: 
                                select I.name,IV.value,IV.year,I.category 
                                from tbl_item as I 
                                inner join tbl_item_value as IV on I.id = IV.item_id 
                                where IV.company_id = '111' 
                                and IV.year='2011' 
                                and I.category = 'EXPENSES'
                                and not like '%share%'
                                order by I.id' in /var/www/html/yii/framework/db/CDbCommand.php:543
Stack trace:
#0 /var/www/html/yii/framework/db/CDbCommand.php(396): CDbCommand->queryInternal('fetchAll', Array, Array)
#1 /var/www/html/CADS/myapps/protected/controllers/GeneralController.php(641): CDbCommand->queryAll()
#2 /var/www/html/yii/framework/web/actions/CInlineAction.php(49): GeneralController->actionIncomeBalanceSheet()
#3 /var/www/html/yii/framework/web/CController.php(308): CInlineAction->runWithParams(Array)
#4 /var/www/html/yii/framework/web/filters/CFilterChain.php(133): CController->runAction(Object(CInlineAction))
#5 /var/www/html/yii/framework/web/filters/CFilter.php(40): CFilterChain->run()
#6 /var/www/html/yii/framework/web/CController.php(1145): CFilter->filter(Object(CFilterChain))
#7 /var/www/html/yii/framework/web/filters/CInlineFilter.php(58): CController->filterAccessControl(Object(CFilterChain))
#8 /var/www/html/yii/framework/web/filters/CFilterChain.php(130): CInlineFilter->filter(Object(CFilterChain))
#9 /var/www/html/yii/framework/web/CController.php(291): CFilterChain->run()
#10 /var/www/html/yii/framework/web/CController.php(265): CController->runActionWithFilters(Object(CInlineAction), Array)
#11 /var/www/html/yii/framework/web/CWebApplication.php(282): CController->run('incomebalancesh...')
#12 /var/www/html/yii/framework/web/CWebApplication.php(141): CWebApplication->runController('general/incomeb...')
#13 /var/www/html/yii/framework/base/CApplication.php(184): CWebApplication->processRequest()
#14 /var/www/html/CADS/myapps/index.php(17): CApplication->run()
#15 {main}
REQUEST_URI=/CADS/myapps/index.php/general/incomebalancesheet
HTTP_REFERER=http://localhost/CADS/myapps/index.php/general/select_general
---
2015/08/27 00:46:18 [error] [exception.CHttpException.404] exception 'CHttpException' with message 'The requested page does not exist.' in /var/www/html/CADS/myapps/protected/controllers/GeneralController.php:2182
Stack trace:
#0 /var/www/html/CADS/myapps/protected/controllers/GeneralController.php(55): GeneralController->loadModel('58')
#1 [internal function]: GeneralController->actionView('58')
#2 /var/www/html/yii/framework/web/actions/CAction.php(109): ReflectionMethod->invokeArgs(Object(GeneralController), Array)
#3 /var/www/html/yii/framework/web/actions/CInlineAction.php(47): CAction->runWithParamsInternal(Object(GeneralController), Object(ReflectionMethod), Array)
#4 /var/www/html/yii/framework/web/CController.php(308): CInlineAction->runWithParams(Array)
#5 /var/www/html/yii/framework/web/filters/CFilterChain.php(133): CController->runAction(Object(CInlineAction))
#6 /var/www/html/yii/framework/web/filters/CFilter.php(40): CFilterChain->run()
#7 /var/www/html/yii/framework/web/CController.php(1145): CFilter->filter(Object(CFilterChain))
#8 /var/www/html/yii/framework/web/filters/CInlineFilter.php(58): CController->filterAccessControl(Object(CFilterChain))
#9 /var/www/html/yii/framework/web/filters/CFilterChain.php(130): CInlineFilter->filter(Object(CFilterChain))
#10 /var/www/html/yii/framework/web/CController.php(291): CFilterChain->run()
#11 /var/www/html/yii/framework/web/CController.php(265): CController->runActionWithFilters(Object(CInlineAction), Array)
#12 /var/www/html/yii/framework/web/CWebApplication.php(282): CController->run('view')
#13 /var/www/html/yii/framework/web/CWebApplication.php(141): CWebApplication->runController('general/view')
#14 /var/www/html/yii/framework/base/CApplication.php(184): CWebApplication->processRequest()
#15 /var/www/html/CADS/myapps/index.php(17): CApplication->run()
#16 {main}
REQUEST_URI=/CADS/myapps/index.php/general/58
HTTP_REFERER=http://localhost/CADS/myapps/index.php/general/select_general
---
2015/08/27 00:49:43 [error] [exception.CHttpException.404] exception 'CHttpException' with message 'The requested page does not exist.' in /var/www/html/CADS/myapps/protected/controllers/GeneralController.php:2182
Stack trace:
#0 /var/www/html/CADS/myapps/protected/controllers/GeneralController.php(55): GeneralController->loadModel('58')
#1 [internal function]: GeneralController->actionView('58')
#2 /var/www/html/yii/framework/web/actions/CAction.php(109): ReflectionMethod->invokeArgs(Object(GeneralController), Array)
#3 /var/www/html/yii/framework/web/actions/CInlineAction.php(47): CAction->runWithParamsInternal(Object(GeneralController), Object(ReflectionMethod), Array)
#4 /var/www/html/yii/framework/web/CController.php(308): CInlineAction->runWithParams(Array)
#5 /var/www/html/yii/framework/web/filters/CFilterChain.php(133): CController->runAction(Object(CInlineAction))
#6 /var/www/html/yii/framework/web/filters/CFilter.php(40): CFilterChain->run()
#7 /var/www/html/yii/framework/web/CController.php(1145): CFilter->filter(Object(CFilterChain))
#8 /var/www/html/yii/framework/web/filters/CInlineFilter.php(58): CController->filterAccessControl(Object(CFilterChain))
#9 /var/www/html/yii/framework/web/filters/CFilterChain.php(130): CInlineFilter->filter(Object(CFilterChain))
#10 /var/www/html/yii/framework/web/CController.php(291): CFilterChain->run()
#11 /var/www/html/yii/framework/web/CController.php(265): CController->runActionWithFilters(Object(CInlineAction), Array)
#12 /var/www/html/yii/framework/web/CWebApplication.php(282): CController->run('view')
#13 /var/www/html/yii/framework/web/CWebApplication.php(141): CWebApplication->runController('general/view')
#14 /var/www/html/yii/framework/base/CApplication.php(184): CWebApplication->processRequest()
#15 /var/www/html/CADS/myapps/index.php(17): CApplication->run()
#16 {main}
REQUEST_URI=/CADS/myapps/index.php/general/58
HTTP_REFERER=http://localhost/CADS/myapps/index.php/general/select_general
---
2015/08/27 00:49:44 [error] [exception.CHttpException.404] exception 'CHttpException' with message 'The requested page does not exist.' in /var/www/html/CADS/myapps/protected/controllers/GeneralController.php:2182
Stack trace:
#0 /var/www/html/CADS/myapps/protected/controllers/GeneralController.php(55): GeneralController->loadModel('58')
#1 [internal function]: GeneralController->actionView('58')
#2 /var/www/html/yii/framework/web/actions/CAction.php(109): ReflectionMethod->invokeArgs(Object(GeneralController), Array)
#3 /var/www/html/yii/framework/web/actions/CInlineAction.php(47): CAction->runWithParamsInternal(Object(GeneralController), Object(ReflectionMethod), Array)
#4 /var/www/html/yii/framework/web/CController.php(308): CInlineAction->runWithParams(Array)
#5 /var/www/html/yii/framework/web/filters/CFilterChain.php(133): CController->runAction(Object(CInlineAction))
#6 /var/www/html/yii/framework/web/filters/CFilter.php(40): CFilterChain->run()
#7 /var/www/html/yii/framework/web/CController.php(1145): CFilter->filter(Object(CFilterChain))
#8 /var/www/html/yii/framework/web/filters/CInlineFilter.php(58): CController->filterAccessControl(Object(CFilterChain))
#9 /var/www/html/yii/framework/web/filters/CFilterChain.php(130): CInlineFilter->filter(Object(CFilterChain))
#10 /var/www/html/yii/framework/web/CController.php(291): CFilterChain->run()
#11 /var/www/html/yii/framework/web/CController.php(265): CController->runActionWithFilters(Object(CInlineAction), Array)
#12 /var/www/html/yii/framework/web/CWebApplication.php(282): CController->run('view')
#13 /var/www/html/yii/framework/web/CWebApplication.php(141): CWebApplication->runController('general/view')
#14 /var/www/html/yii/framework/base/CApplication.php(184): CWebApplication->processRequest()
#15 /var/www/html/CADS/myapps/index.php(17): CApplication->run()
#16 {main}
REQUEST_URI=/CADS/myapps/index.php/general/58
HTTP_REFERER=http://localhost/CADS/myapps/index.php/general/select_general
---
2015/08/27 00:49:44 [error] [exception.CHttpException.404] exception 'CHttpException' with message 'The requested page does not exist.' in /var/www/html/CADS/myapps/protected/controllers/GeneralController.php:2182
Stack trace:
#0 /var/www/html/CADS/myapps/protected/controllers/GeneralController.php(55): GeneralController->loadModel('58')
#1 [internal function]: GeneralController->actionView('58')
#2 /var/www/html/yii/framework/web/actions/CAction.php(109): ReflectionMethod->invokeArgs(Object(GeneralController), Array)
#3 /var/www/html/yii/framework/web/actions/CInlineAction.php(47): CAction->runWithParamsInternal(Object(GeneralController), Object(ReflectionMethod), Array)
#4 /var/www/html/yii/framework/web/CController.php(308): CInlineAction->runWithParams(Array)
#5 /var/www/html/yii/framework/web/filters/CFilterChain.php(133): CController->runAction(Object(CInlineAction))
#6 /var/www/html/yii/framework/web/filters/CFilter.php(40): CFilterChain->run()
#7 /var/www/html/yii/framework/web/CController.php(1145): CFilter->filter(Object(CFilterChain))
#8 /var/www/html/yii/framework/web/filters/CInlineFilter.php(58): CController->filterAccessControl(Object(CFilterChain))
#9 /var/www/html/yii/framework/web/filters/CFilterChain.php(130): CInlineFilter->filter(Object(CFilterChain))
#10 /var/www/html/yii/framework/web/CController.php(291): CFilterChain->run()
#11 /var/www/html/yii/framework/web/CController.php(265): CController->runActionWithFilters(Object(CInlineAction), Array)
#12 /var/www/html/yii/framework/web/CWebApplication.php(282): CController->run('view')
#13 /var/www/html/yii/framework/web/CWebApplication.php(141): CWebApplication->runController('general/view')
#14 /var/www/html/yii/framework/base/CApplication.php(184): CWebApplication->processRequest()
#15 /var/www/html/CADS/myapps/index.php(17): CApplication->run()
#16 {main}
REQUEST_URI=/CADS/myapps/index.php/general/58
HTTP_REFERER=http://localhost/CADS/myapps/index.php/general/select_general
---
